2019-09-10 17:56:02,213 Incorect pin...
2019-09-10 17:56:08,803 Incorect pin...
2019-09-10 17:56:14,848 Incorect pin...
2019-09-10 17:57:21,352 Incorect pin...
2019-09-10 17:57:27,304 Incorect pin...
2019-09-10 17:57:48,370 Incorect pin...
2019-09-10 17:57:52,297 Incorect pin...
2019-09-10 17:57:56,445 Incorect pin...
2019-09-10 18:00:22,700 Order done...
2019-09-11 12:50:00,661 Incorect password...
2019-09-11 12:50:37,295 Enter Wrong item name...
2019-09-11 12:52:09,164 Incorect pin...
2019-09-11 12:52:13,353 Incorect pin...
2019-09-11 12:52:19,033 Incorect pin...
2019-09-11 12:53:35,532 Incorect pin...
2019-09-11 12:54:13,791 Incorect pin...
2019-09-11 12:54:29,949 Order done...
2019-09-11 13:28:52,111 Incorect password...
2019-09-11 13:29:23,309 Enter Wrong item name...
2019-09-11 13:33:09,445 Incorect pin...
2019-09-13 12:07:42,041 Incorect password...12456
2019-09-13 12:09:33,263 Enter Wrong item name...:Sbji
2019-09-13 12:10:31,352 Enter Wrong item name...: sbji
2019-09-13 12:11:48,769 Incorrect password...:123567
2019-09-13 12:14:02,843 Order done...
2019-09-13 12:18:13,157 Welcome.py Incorect password...: 1246
2019-09-13 12:24:00,171 Welcome.py  Incorect password...: 12
2019-09-13 12:29:19,643 Welcome.py  WARNING  Incorect Username...anu
2019-09-13 12:29:42,955 Welcome.py  WARNING  Incorect Username...Avani
2019-09-13 12:30:37,068 Welcome.py  WARNING  Incorect Username...Avani
2019-09-13 12:33:44,902 Welcome.py  WARNING  Incorect password...: 12
2019-09-13 12:34:45,336 Welcome.py  WARNING  Incorect Username...qwe
2019-09-13 12:35:05,994 Welcome.py  WARNING  Incorect password...: 12
2019-09-13 12:35:05,994 Welcome.py  WARNING  Incorect Username...Avani
2019-09-13 12:35:31,846 Welcome.py  WARNING  Incorect Username...Avani
2019-09-13 12:38:34,556 Welcome.py  WARNING  Incorect Username and  password...: Avani 12
2019-09-13 12:38:34,557 Welcome.py  WARNING  Incorect Username and  password...: Avani 12
2019-09-13 12:38:34,557 Welcome.py  WARNING  Incorect Username and  password...: Avani 12
2019-09-13 12:39:55,152 Welcome.py  WARNING  Incorect Username and  password...: Avani 12
2019-09-13 12:40:12,968 Welcome.py  WARNING  Incorect Username and  password...: Avani 1234
2019-09-13 12:40:38,626 Welcome.py  WARNING  Incorect Username and  password...: Avani 12
2019-09-13 12:40:53,688 Welcome.py  WARNING  Incorect Username and  password...: Avani 1234
2019-09-13 12:42:21,595 Welcome.py  WARNING  Incorect Username and  password...: Avani 12
2019-09-13 12:42:59,529 Welcome.py  WARNING  Incorect Username and  password...: Avani 1234
2019-09-13 12:43:36,858 Welcome.py  WARNING  Incorect Username and  password...: Avani 1234
2019-09-13 12:46:08,584 Welcome.py  WARNING  Incorect Username and  password...: Avani 12
2019-09-13 12:46:28,552 Welcome.py  WARNING  Incorect Username and  password...: Avani 1234
2019-09-13 12:55:11,479 Welcome.py  WARNING  Incorect Username and  password...: Avani 1345
2019-09-13 12:55:33,732 Welcome.py  WARNING  Incorect Username and  password...: awer 1267
2019-09-13 23:23:36,293 Menu.py  WARNING  Enter Wrong item name...: Sbji
2019-09-13 23:29:57,766 Order.py  INFO  Order done...


2019-09-13 23:42:48,465 Menu.py  WARNING  Enter Wrong item name...: slad
2019-09-14 00:08:42,020 Order.py  INFO  Order done...
2019-09-14 12:58:14,721 Menu.py  WARNING  Enter Wrong item name...: Sabi
2019-09-14 13:00:55,987 Order.py  INFO  Order done...
2019-09-14 13:03:51,219 Welcome.py  WARNING  Incorect Username and  password...: Kuman 12367
2019-09-14 13:06:17,601 Menu.py  WARNING  Enter Wrong item name...: Sbji
2019-09-14 13:16:09,200 Order.py  INFO  Order done...
2019-09-16 15:52:50,116 Order.py  INFO  Order done...
2019-09-16 15:53:21,781 Order.py  INFO  Order done...
2019-09-16 16:26:34,494 Order.py  INFO  Order done...
2019-09-16 16:27:18,796 Welcome.py  WARNING  Incorect Username and  password...: asdf 23478
2019-09-16 16:29:37,170 Menu.py  WARNING  Enter Wrong item name...: Rotti
2019-09-16 16:30:20,941 Cart.py  WARNING  Enter Wrong item name...: Deseert
2019-09-16 16:39:35,731 Order.py  INFO  Order done...
2019-09-16 16:49:51,102 Order.py  INFO  Order done...
2019-09-16 16:58:15,030 Welcome.py  INFO  Welcome.py.....
2019-09-16 16:58:37,587 Menu.py  INFO  Menu.py.....
2019-09-16 16:58:52,739 Cart.py  INFO  Cart select.....
2019-09-16 17:00:10,268 Cart.py  INFO  Cart display.....
2019-09-16 17:00:25,343 Payment.py  INFO  Payment displaybill.....
2019-09-16 17:00:38,636 Payment.py  INFO  Payment billpay.....
2019-09-16 17:01:07,770 Order.py  INFO  Order done...
